<?xml version="1.0" encoding="UTF-8"?>
<testsuite name="drivero.data_structure.AVLTreeTest" tests="31" skipped="0" failures="0" errors="0" timestamp="2018-07-13T22:11:23" hostname="NI-NTB-183" time="0.164">
  <properties/>
  <testcase name="should_be_an_avl_after_add_112_elements" classname="drivero.data_structure.AVLTreeTest" time="0.07"/>
  <testcase name="should_be_an_avl_after_add_from_1_to_10" classname="drivero.data_structure.AVLTreeTest" time="0.0"/>
  <testcase name="should_maintain_properties_after_height_is_mayor_than_1_adding_a_less_value" classname="drivero.data_structure.AVLTreeTest" time="0.005"/>
  <testcase name="should_function_adding_only_one_element" classname="drivero.data_structure.AVLTreeTest" time="0.0"/>
  <testcase name="should_maintain_avl_property_after_insert_15_10_5_1_7" classname="drivero.data_structure.AVLTreeTest" time="0.0"/>
  <testcase name="should_be_an_avl_after_add_5_9_7" classname="drivero.data_structure.AVLTreeTest" time="0.0"/>
  <testcase name="should_be_an_avl_after_add_9_5_7" classname="drivero.data_structure.AVLTreeTest" time="0.001"/>
  <testcase name="should_be_an_avl_after_add_from_100_to_1" classname="drivero.data_structure.AVLTreeTest" time="0.0"/>
  <testcase name="should_update_balance_factor_after_insert_10_5_1" classname="drivero.data_structure.AVLTreeTest" time="0.0"/>
  <testcase name="should_update_balance_factor_after_insert_1_5_10" classname="drivero.data_structure.AVLTreeTest" time="0.0"/>
  <testcase name="should_be_an_avl_after_add_a_set_of_1000_random_elements" classname="drivero.data_structure.AVLTreeTest" time="0.06"/>
  <testcase name="balance_factor_should_be_negative_after_add_minor_value" classname="drivero.data_structure.AVLTreeTest" time="0.0"/>
  <testcase name="should_not_add_null_values" classname="drivero.data_structure.AVLTreeTest" time="0.0"/>
  <testcase name="balance_factor_should_be_balanced_after_add_minor_and_mayor_value" classname="drivero.data_structure.AVLTreeTest" time="0.0"/>
  <testcase name="should_be_an_avl_after_add_1000_random_elements" classname="drivero.data_structure.AVLTreeTest" time="0.008"/>
  <testcase name="should_be_an_avl_after_add_from_1_to_100" classname="drivero.data_structure.AVLTreeTest" time="0.001"/>
  <testcase name="should_not_add_an_existing_mayor_value_after_add_minor_and_mayor_value" classname="drivero.data_structure.AVLTreeTest" time="0.001"/>
  <testcase name="should_add_minor_value_to_the_left" classname="drivero.data_structure.AVLTreeTest" time="0.001"/>
  <testcase name="should_maintain_avl_property_after_insert_1_5_10_15_7" classname="drivero.data_structure.AVLTreeTest" time="0.0"/>
  <testcase name="should_maintain_avl_property_after_insert_25_20_15_10_5_1" classname="drivero.data_structure.AVLTreeTest" time="0.0"/>
  <testcase name="should_add_mayor_value_to_the_right" classname="drivero.data_structure.AVLTreeTest" time="0.001"/>
  <testcase name="should_be_an_avl_after_add_two_same_ordered_list_in_reverse_order_merged" classname="drivero.data_structure.AVLTreeTest" time="0.001"/>
  <testcase name="should_be_an_avl_after_add_from_10_to_1" classname="drivero.data_structure.AVLTreeTest" time="0.001"/>
  <testcase name="should_not_add_an_existing_minor_value_after_add_minor_and_mayor_value" classname="drivero.data_structure.AVLTreeTest" time="0.0"/>
  <testcase name="should_maintain_avl_property_after_insert_10_5_1" classname="drivero.data_structure.AVLTreeTest" time="0.0"/>
  <testcase name="should_maintain_avl_property_after_insert_1_5_10" classname="drivero.data_structure.AVLTreeTest" time="0.0"/>
  <testcase name="balance_factor_should_be_positive_after_add_mayor_value" classname="drivero.data_structure.AVLTreeTest" time="0.0"/>
  <testcase name="should_not_add_equal_values" classname="drivero.data_structure.AVLTreeTest" time="0.0"/>
  <testcase name="should_maintain_properties_after_height_is_mayor_than_1_adding_a_mayor_value" classname="drivero.data_structure.AVLTreeTest" time="0.0"/>
  <testcase name="should_maintain_avl_property_after_insert_1_5_10_15_20_25" classname="drivero.data_structure.AVLTreeTest" time="0.0"/>
  <testcase name="should_be_an_avl_after_add_two_ordered_list_in_reverse_order_merged" classname="drivero.data_structure.AVLTreeTest" time="0.0"/>
  <system-out><![CDATA[]]></system-out>
  <system-err><![CDATA[]]></system-err>
</testsuite>
