<?xml version="1.0" encoding="UTF-8"?>
<testsuite name="drivero.simpleArraySum.SimpleArraySumTest" tests="1" skipped="0" failures="0" errors="0" timestamp="2018-07-13T22:11:24" hostname="NI-NTB-183" time="0.001">
  <properties/>
  <testcase name="should_sum_all_numbers_in_array" classname="drivero.simpleArraySum.SimpleArraySumTest" time="0.001"/>
  <system-out><![CDATA[]]></system-out>
  <system-err><![CDATA[]]></system-err>
</testsuite>
